<?xml version="1.0" encoding="UTF-8"?>
<testsuite name="AnnalynsInfiltrationTest" tests="1" skipped="0" failures="0" errors="0" timestamp="2021-11-06T18:39:42" hostname="Jordans-MacBook-Air.local" time="0.017">
  <properties/>
  <testcase name="cannot_release_prisoner_if_only_prisoner_is_asleep_and_pet_dog_is_absent" classname="AnnalynsInfiltrationTest" time="0.017"/>
  <system-out><![CDATA[]]></system-out>
  <system-err><![CDATA[]]></system-err>
</testsuite>
