<?xml version="1.0" encoding="UTF-8"?>
<testsuite name="LasagnaTest" tests="1" skipped="0" failures="0" errors="0" timestamp="2021-11-06T17:53:42" hostname="Jordans-MacBook-Air.local" time="0.018">
  <properties/>
  <testcase name="total_time_in_minutes_for_multiple_layers" classname="LasagnaTest" time="0.018"/>
  <system-out><![CDATA[]]></system-out>
  <system-err><![CDATA[]]></system-err>
</testsuite>
