<?xml version="1.0" encoding="UTF-8"?>
<testsuite name="BlackjackTest" tests="1" skipped="0" failures="0" errors="0" timestamp="2021-11-11T18:54:24" hostname="Jordans-MacBook-Air.local" time="0.02">
  <properties/>
  <testcase name="noBlackjackWithEightAndFive" classname="BlackjackTest" time="0.02"/>
  <system-out><![CDATA[]]></system-out>
  <system-err><![CDATA[]]></system-err>
</testsuite>
